16:44:07 INFO  : Registering command handlers for SDK TCF services
16:44:11 INFO  : Launching XSCT server: xsct.bat -interactive D:\liulei\vga_mTwo\vga_microblaze\vga_microblaze.sdk\temp_xsdb_launch_script.tcl
16:44:18 INFO  : XSCT server has started successfully.
16:44:28 INFO  : Successfully done setting XSCT server connection channel  
16:44:28 INFO  : Successfully done setting SDK workspace  
16:44:28 INFO  : Processing command line option -hwspec D:/liulei/vga_mTwo/vga_microblaze/vga_microblaze.sdk/vga_wrapper.hdf.
16:51:22 INFO  : Inferring section assignments and sizes from elf file: D:\liulei\vga_mTwo\vga_microblaze\vga_microblaze.sdk\vga_sdk\Debug\vga_sdk.elf
16:51:38 INFO  : Successfully generated D:\liulei\vga_mTwo\vga_microblaze\vga_microblaze.sdk\vga_sdk\src\lscript.ld.
16:51:38 INFO  : Applying linker script to all configurations of project vga_sdk.
16:51:38 INFO  : Setting rebuild state to true for all configurations of project vga_sdk.
16:55:14 INFO  : Connected to target on host '127.0.0.1' and port '3121'.
16:55:17 INFO  : 'targets -set -filter {jtag_cable_name =~ "Digilent Nexys4DDR 210292646203A" && level==0} -index 0' command is executed.
16:55:20 INFO  : FPGA configured successfully with bitstream "D:/liulei/vga_mTwo/vga_microblaze/vga_microblaze.sdk/vga_wrapper_hw_platform_0/download.bit"
16:55:51 INFO  : 'targets -set -filter {jtag_cable_name =~ "Digilent Nexys4DDR 210292646203A" && level==0} -index 0' command is executed.
16:55:51 INFO  : 'fpga -state' command is executed.
16:55:51 INFO  : Connected to target on host '127.0.0.1' and port '3121'.
16:55:51 INFO  : Jtag cable 'Digilent Nexys4DDR 210292646203A' is selected.
16:55:51 INFO  : 'jtag frequency' command is executed.
16:55:51 INFO  : 'configparams mdm-detect-bscan-mask 2' command is executed.
16:55:51 INFO  : Context for processor 'microblaze_0' is selected.
16:55:51 INFO  : Processor reset is completed for 'microblaze_0'.
16:55:51 INFO  : Context for processor 'microblaze_0' is selected.
16:55:51 INFO  : The application 'D:/liulei/vga_mTwo/vga_microblaze/vga_microblaze.sdk/vga_sdk/Debug/vga_sdk.elf' is downloaded to processor 'microblaze_0'.
16:55:51 INFO  : ----------------XSDB Script----------------
connect -url tcp:127.0.0.1:3121
configparams mdm-detect-bscan-mask 2
targets -set -nocase -filter {name =~ "microblaze*#0" && bscan=="USER2"  && jtag_cable_name =~ "Digilent Nexys4DDR 210292646203A"} -index 0
rst -processor
targets -set -nocase -filter {name =~ "microblaze*#0" && bscan=="USER2"  && jtag_cable_name =~ "Digilent Nexys4DDR 210292646203A"} -index 0
dow D:/liulei/vga_mTwo/vga_microblaze/vga_microblaze.sdk/vga_sdk/Debug/vga_sdk.elf
----------------End of Script----------------

16:55:52 INFO  : Context for processor 'microblaze_0' is selected.
16:55:52 INFO  : 'con' command is executed.
16:55:52 INFO  : ----------------XSDB Script (After Launch)----------------
targets -set -nocase -filter {name =~ "microblaze*#0" && bscan=="USER2"  && jtag_cable_name =~ "Digilent Nexys4DDR 210292646203A"} -index 0
con
----------------End of Script----------------

16:55:52 INFO  : Disconnected from the channel tcfchan#1.
21:56:17 INFO  : Connected to target on host '127.0.0.1' and port '3121'.
21:56:19 INFO  : 'targets -set -filter {jtag_cable_name =~ "Digilent Nexys4DDR 210292645863A" && level==0} -index 0' command is executed.
21:56:21 INFO  : FPGA configured successfully with bitstream "D:/liulei/vga_mTwo/vga_microblaze/vga_microblaze.sdk/vga_wrapper_hw_platform_0/download.bit"
21:56:40 INFO  : 'targets -set -filter {jtag_cable_name =~ "Digilent Nexys4DDR 210292645863A" && level==0} -index 0' command is executed.
21:56:40 INFO  : 'fpga -state' command is executed.
21:56:40 INFO  : Connected to target on host '127.0.0.1' and port '3121'.
21:56:40 INFO  : Jtag cable 'Digilent Nexys4DDR 210292645863A' is selected.
21:56:40 INFO  : 'jtag frequency' command is executed.
21:56:40 INFO  : 'configparams mdm-detect-bscan-mask 2' command is executed.
21:56:40 INFO  : Context for processor 'microblaze_0' is selected.
21:56:40 INFO  : Processor reset is completed for 'microblaze_0'.
21:56:40 INFO  : Context for processor 'microblaze_0' is selected.
21:56:40 INFO  : The application 'D:/liulei/vga_mTwo/vga_microblaze/vga_microblaze.sdk/vga_sdk/Debug/vga_sdk.elf' is downloaded to processor 'microblaze_0'.
21:56:40 INFO  : ----------------XSDB Script----------------
connect -url tcp:127.0.0.1:3121
configparams mdm-detect-bscan-mask 2
targets -set -nocase -filter {name =~ "microblaze*#0" && bscan=="USER2"  && jtag_cable_name =~ "Digilent Nexys4DDR 210292645863A"} -index 0
rst -processor
targets -set -nocase -filter {name =~ "microblaze*#0" && bscan=="USER2"  && jtag_cable_name =~ "Digilent Nexys4DDR 210292645863A"} -index 0
dow D:/liulei/vga_mTwo/vga_microblaze/vga_microblaze.sdk/vga_sdk/Debug/vga_sdk.elf
----------------End of Script----------------

21:56:40 INFO  : Context for processor 'microblaze_0' is selected.
21:56:40 INFO  : 'con' command is executed.
21:56:40 INFO  : ----------------XSDB Script (After Launch)----------------
targets -set -nocase -filter {name =~ "microblaze*#0" && bscan=="USER2"  && jtag_cable_name =~ "Digilent Nexys4DDR 210292645863A"} -index 0
con
----------------End of Script----------------

21:56:40 INFO  : Disconnected from the channel tcfchan#2.
